2024-08-12_22:55:01.817 - <==    Columns: id, title, content, imgurl
2024-08-12_22:55:01.820 - <==        Row: 55, kk, awesome car, /uploads/ludicrousImg.jpg
2024-08-12_22:55:01.820 - <==        Row: 49, k, ijiih, /uploads/carImage3.jpg
2024-08-12_22:55:01.821 - <==        Row: 50, m, m, /uploads/carImage4.jpg
2024-08-12_22:55:01.821 - <==        Row: 56, nn, sophisticated , glamorously spectacular blog post, /uploads/restaurntChiefImg.jpg
2024-08-12_22:55:01.821 - <==      Total: 4
2024-08-12_22:55:01.822 - Scraching around the collections all posts
2024-08-12_22:55:15.972 - ==>  Preparing: SELECT users.username , users.password , users.enabled , authorities.authority FROM users INNER JOIN authorities ON users.username = authorities.username WHERE users.username = ?
2024-08-12_22:55:15.972 - ==> Parameters: Neo(String)
2024-08-12_22:55:15.974 - <==    Columns: username, password, enabled, authority
2024-08-12_22:55:15.974 - <==        Row: Neo, $2a$12$TxOY073F7yTp0qTMxSn1qOLWOjzOtjn2Dc6LfteXId5qqLHqGn9vy, t, ADMIN
2024-08-12_22:55:15.974 - <==      Total: 1
2024-08-12_22:55:15.978 - ==>  Preparing: SELECT id,title,content,imgURL FROM Post
2024-08-12_22:55:15.978 - ==> Parameters: 
2024-08-12_22:55:15.985 - <==    Columns: id, title, content, imgurl
2024-08-12_22:55:15.985 - <==        Row: 55, kk, awesome car, /uploads/ludicrousImg.jpg
2024-08-12_22:55:15.986 - <==        Row: 49, k, ijiih, /uploads/carImage3.jpg
2024-08-12_22:55:15.987 - <==        Row: 50, m, m, /uploads/carImage4.jpg
2024-08-12_22:55:15.987 - <==        Row: 56, nn, sophisticated , glamorously spectacular blog post, /uploads/restaurntChiefImg.jpg
2024-08-12_22:55:15.987 - <==      Total: 4
2024-08-12_22:55:15.988 - Scraching around the collections all posts
2024-08-12_22:55:28.287 - Starting ContentManagementSystemApplication using Java 1.8.0_202 on DESKTOP-0FGFVV5 with PID 10644 (C:\Users\Acer\Desktop\Content_Management_System\target\classes started by Acer in C:\Users\Acer\Desktop\Content_Management_System)
2024-08-12_22:55:28.289 - Running with Spring Boot v2.7.17, Spring v5.3.30
2024-08-12_22:55:28.290 - No active profile set, falling back to 1 default profile: "default"
2024-08-12_22:55:28.383 - Devtools property defaults active! Set 'spring.devtools.add-properties' to 'false' to disable
2024-08-12_22:55:28.384 - For additional web related logging consider setting the 'logging.level.web' property to 'DEBUG'
2024-08-12_22:55:31.629 - Tomcat initialized with port(s): 8080 (http)
2024-08-12_22:55:31.645 - Initializing ProtocolHandler ["http-nio-8080"]
2024-08-12_22:55:31.651 - Starting service [Tomcat]
2024-08-12_22:55:31.652 - Starting Servlet engine: [Apache Tomcat/9.0.82]
2024-08-12_22:55:31.809 - Initializing Spring embedded WebApplicationContext
2024-08-12_22:55:31.809 - Root WebApplicationContext: initialization completed in 3424 ms
2024-08-12_22:55:33.059 - Will secure any request with [org.springframework.security.web.session.DisableEncodeUrlFilter@3bedcaee, org.springframework.security.web.context.request.async.WebAsyncManagerIntegrationFilter@3c8f20c4, org.springframework.security.web.context.SecurityContextPersistenceFilter@17e857ee, org.springframework.security.web.header.HeaderWriterFilter@77673353, org.springframework.security.web.authentication.logout.LogoutFilter@770ae5ac, org.springframework.security.web.authentication.UsernamePasswordAuthenticationFilter@402feddd, org.springframework.security.web.session.ConcurrentSessionFilter@78e5ecc, org.springframework.security.web.savedrequest.RequestCacheAwareFilter@89cef80, org.springframework.security.web.servletapi.SecurityContextHolderAwareRequestFilter@5fb92270, org.springframework.security.web.authentication.rememberme.RememberMeAuthenticationFilter@3ce7604f, org.springframework.security.web.authentication.AnonymousAuthenticationFilter@76c44d35, org.springframework.security.web.session.SessionManagementFilter@69bdfb57, org.springframework.security.web.access.ExceptionTranslationFilter@1e8bd1f5, org.springframework.security.web.access.intercept.FilterSecurityInterceptor@25e29cba]
