2024-08-13_22:44:20.175 - ==>  Preparing: SELECT id,title,content,imgURL FROM Post
2024-08-13_22:44:20.183 - ==> Parameters: 
2024-08-13_22:44:20.184 - <==    Columns: id, title, content, imgurl
2024-08-13_22:44:20.185 - <==        Row: 58, Lets cheer on for majestic compensation and drink ultil extorionate, ff........., /uploads/fauana.jpg
2024-08-13_22:44:20.189 - <==        Row: 49, k, ijiih, /uploads/mainFoodColImg1.jpg
2024-08-13_22:44:20.190 - <==        Row: 55, kk, awesome car, /uploads/mainFoodColImg2.jpg
2024-08-13_22:44:20.191 - <==        Row: 56, nn, sophisticated , glamorously spectacular blog post, /uploads/mainFoodColImg3.jpg
2024-08-13_22:44:20.192 - <==        Row: 59, mm, mm, /uploads/techImgFour.jpg
2024-08-13_22:44:20.193 - <==      Total: 5
2024-08-13_22:44:20.193 - Scraching around the collections all posts
2024-08-13_22:44:27.163 - ==>  Preparing: SELECT id,title,content,imgURL FROM Post
2024-08-13_22:44:27.164 - ==> Parameters: 
2024-08-13_22:44:27.166 - <==    Columns: id, title, content, imgurl
2024-08-13_22:44:27.166 - <==        Row: 58, Lets cheer on for majestic compensation and drink ultil extorionate, ff........., /uploads/fauana.jpg
2024-08-13_22:44:27.167 - <==        Row: 49, k, ijiih, /uploads/mainFoodColImg1.jpg
2024-08-13_22:44:27.167 - <==        Row: 55, kk, awesome car, /uploads/mainFoodColImg2.jpg
2024-08-13_22:44:27.167 - <==        Row: 56, nn, sophisticated , glamorously spectacular blog post, /uploads/mainFoodColImg3.jpg
2024-08-13_22:44:27.167 - <==        Row: 59, mm, mm, /uploads/techImgFour.jpg
2024-08-13_22:44:27.168 - <==      Total: 5
2024-08-13_22:44:27.168 - Scraching around the collections all posts
2024-08-13_22:44:51.754 - ==>  Preparing: SELECT id,title,content,imgURL FROM Post
2024-08-13_22:44:51.756 - ==> Parameters: 
2024-08-13_22:44:51.756 - <==    Columns: id, title, content, imgurl
2024-08-13_22:44:51.756 - <==        Row: 58, Lets cheer on for majestic compensation and drink ultil extorionate, ff........., /uploads/fauana.jpg
2024-08-13_22:44:51.757 - <==        Row: 49, k, ijiih, /uploads/mainFoodColImg1.jpg
2024-08-13_22:44:51.757 - <==        Row: 55, kk, awesome car, /uploads/mainFoodColImg2.jpg
2024-08-13_22:44:51.757 - <==        Row: 56, nn, sophisticated , glamorously spectacular blog post, /uploads/mainFoodColImg3.jpg
2024-08-13_22:44:51.758 - <==        Row: 59, mm, mm, /uploads/techImgFour.jpg
2024-08-13_22:44:51.758 - <==      Total: 5
2024-08-13_22:44:51.759 - Scraching around the collections all posts
2024-08-13_22:46:05.603 - Created directories for upload path: C:\Users\Acer\AppData\Local\Temp\tomcat-docbase.8080.8241113313175275027\uploads\
2024-08-13_22:46:05.608 - Attempting to save file: colTechImgOne.jpg
2024-08-13_22:46:05.608 - Upload directory: C:\Users\Acer\AppData\Local\Temp\tomcat-docbase.8080.8241113313175275027\uploads\
2024-08-13_22:46:05.608 - Final file path: C:\Users\Acer\AppData\Local\Temp\tomcat-docbase.8080.8241113313175275027\uploads\colTechImgOne.jpg
2024-08-13_22:46:05.608 - File saved successfully: colTechImgOne.jpg
2024-08-13_22:46:05.610 - ==>  Preparing: INSERT INTO Post ( title, content, imgURL ) VALUES ( ?, ?, ? )
2024-08-13_22:46:05.611 - ==> Parameters: try to Canada(String), canada is tranquil city precariously brimming with people and some majestic tourist attraction places..(String), /uploads/colTechImgOne.jpg(String)
2024-08-13_22:46:05.621 - <==    Updates: 1
2024-08-13_22:46:05.624 - Post created Unblemishedly : {}60
2024-08-13_22:46:05.647 - Failed to perform cleanup of multipart items
java.io.UncheckedIOException: Cannot delete C:\Users\Acer\AppData\Local\Temp\tomcat.8080.3965684020309048224\work\Tomcat\localhost\ROOT\upload_eefeb613_b6df_4f44_bef9_dcf12e22c3b5_00000003.tmp
	at org.apache.tomcat.util.http.fileupload.disk.DiskFileItem.delete(DiskFileItem.java:428)
	at org.apache.catalina.core.ApplicationPart.delete(ApplicationPart.java:53)
	at org.springframework.web.multipart.support.StandardServletMultipartResolver.cleanupMultipart(StandardServletMultipartResolver.java:134)
	at org.springframework.web.servlet.DispatcherServlet.cleanupMultipart(DispatcherServlet.java:1251)
	at org.springframework.web.servlet.DispatcherServlet.doDispatch(DispatcherServlet.java:1108)
	at org.springframework.web.servlet.DispatcherServlet.doService(DispatcherServlet.java:965)
	at org.springframework.web.servlet.FrameworkServlet.processRequest(FrameworkServlet.java:1006)
	at org.springframework.web.servlet.FrameworkServlet.doPost(FrameworkServlet.java:909)
	at javax.servlet.http.HttpServlet.service(HttpServlet.java:555)
	at org.springframework.web.servlet.FrameworkServlet.service(FrameworkServlet.java:883)
	at javax.servlet.http.HttpServlet.service(HttpServlet.java:623)
	at org.apache.catalina.core.ApplicationFilterChain.internalDoFilter(ApplicationFilterChain.java:209)
	at org.apache.catalina.core.ApplicationFilterChain.doFilter(ApplicationFilterChain.java:153)
	at org.apache.tomcat.websocket.server.WsFilter.doFilter(WsFilter.java:51)
	at org.apache.catalina.core.ApplicationFilterChain.internalDoFilter(ApplicationFilterChain.java:178)
	at org.apache.catalina.core.ApplicationFilterChain.doFilter(ApplicationFilterChain.java:153)
	at org.springframework.security.web.FilterChainProxy$VirtualFilterChain.doFilter(FilterChainProxy.java:337)
	at org.springframework.security.web.access.intercept.FilterSecurityInterceptor.invoke(FilterSecurityInterceptor.java:115)
	at org.springframework.security.web.access.intercept.FilterSecurityInterceptor.doFilter(FilterSecurityInterceptor.java:81)
	at org.springframework.security.web.FilterChainProxy$VirtualFilterChain.doFilter(FilterChainProxy.java:346)
	at org.springframework.security.web.access.ExceptionTranslationFilter.doFilter(ExceptionTranslationFilter.java:122)
	at org.springframework.security.web.access.ExceptionTranslationFilter.doFilter(ExceptionTranslationFilter.java:116)
	at org.springframework.security.web.FilterChainProxy$VirtualFilterChain.doFilter(FilterChainProxy.java:346)
	at org.springframework.security.web.session.SessionManagementFilter.doFilter(SessionManagementFilter.java:126)
	at org.springframework.security.web.session.SessionManagementFilter.doFilter(SessionManagementFilter.java:81)
	at org.springframework.security.web.FilterChainProxy$VirtualFilterChain.doFilter(FilterChainProxy.java:346)
	at org.springframework.security.web.authentication.AnonymousAuthenticationFilter.doFilter(AnonymousAuthenticationFilter.java:109)
	at org.springframework.security.web.FilterChainProxy$VirtualFilterChain.doFilter(FilterChainProxy.java:346)
	at org.springframework.security.web.authentication.rememberme.RememberMeAuthenticationFilter.doFilter(RememberMeAuthenticationFilter.java:106)
	at org.springframework.security.web.authentication.rememberme.RememberMeAuthenticationFilter.doFilter(RememberMeAuthenticationFilter.java:97)
	at org.springframework.security.web.FilterChainProxy$VirtualFilterChain.doFilter(FilterChainProxy.java:346)
	at org.springframework.security.web.servletapi.SecurityContextHolderAwareRequestFilter.doFilter(SecurityContextHolderAwareRequestFilter.java:149)
	at org.springframework.security.web.FilterChainProxy$VirtualFilterChain.doFilter(FilterChainProxy.java:346)
	at org.springframework.security.web.savedrequest.RequestCacheAwareFilter.doFilter(RequestCacheAwareFilter.java:63)
	at org.springframework.security.web.FilterChainProxy$VirtualFilterChain.doFilter(FilterChainProxy.java:346)
	at org.springframework.security.web.session.ConcurrentSessionFilter.doFilter(ConcurrentSessionFilter.java:147)
	at org.springframework.security.web.session.ConcurrentSessionFilter.doFilter(ConcurrentSessionFilter.java:125)
	at org.springframework.security.web.FilterChainProxy$VirtualFilterChain.doFilter(FilterChainProxy.java:346)
	at org.springframework.security.web.authentication.AbstractAuthenticationProcessingFilter.doFilter(AbstractAuthenticationProcessingFilter.java:223)
	at org.springframework.security.web.authentication.AbstractAuthenticationProcessingFilter.doFilter(AbstractAuthenticationProcessingFilter.java:217)
	at org.springframework.security.web.FilterChainProxy$VirtualFilterChain.doFilter(FilterChainProxy.java:346)
	at org.springframework.security.web.authentication.logout.LogoutFilter.doFilter(LogoutFilter.java:103)
	at org.springframework.security.web.authentication.logout.LogoutFilter.doFilter(LogoutFilter.java:89)
	at org.springframework.security.web.FilterChainProxy$VirtualFilterChain.doFilter(FilterChainProxy.java:346)
	at org.springframework.security.web.header.HeaderWriterFilter.doHeadersAfter(HeaderWriterFilter.java:90)
	at org.springframework.security.web.header.HeaderWriterFilter.doFilterInternal(HeaderWriterFilter.java:75)
	at org.springframework.web.filter.OncePerRequestFilter.doFilter(OncePerRequestFilter.java:117)
	at org.springframework.security.web.FilterChainProxy$VirtualFilterChain.doFilter(FilterChainProxy.java:346)
	at org.springframework.security.web.context.SecurityContextPersistenceFilter.doFilter(SecurityContextPersistenceFilter.java:112)
	at org.springframework.security.web.context.SecurityContextPersistenceFilter.doFilter(SecurityContextPersistenceFilter.java:82)
	at org.springframework.security.web.FilterChainProxy$VirtualFilterChain.doFilter(FilterChainProxy.java:346)
	at org.springframework.security.web.context.request.async.WebAsyncManagerIntegrationFilter.doFilterInternal(WebAsyncManagerIntegrationFilter.java:55)
	at org.springframework.web.filter.OncePerRequestFilter.doFilter(OncePerRequestFilter.java:117)
	at org.springframework.security.web.FilterChainProxy$VirtualFilterChain.doFilter(FilterChainProxy.java:346)
	at org.springframework.security.web.session.DisableEncodeUrlFilter.doFilterInternal(DisableEncodeUrlFilter.java:42)
	at org.springframework.web.filter.OncePerRequestFilter.doFilter(OncePerRequestFilter.java:117)
	at org.springframework.security.web.FilterChainProxy$VirtualFilterChain.doFilter(FilterChainProxy.java:346)
	at org.springframework.security.web.FilterChainProxy.doFilterInternal(FilterChainProxy.java:221)
	at org.springframework.security.web.FilterChainProxy.doFilter(FilterChainProxy.java:186)
	at org.springframework.web.filter.DelegatingFilterProxy.invokeDelegate(DelegatingFilterProxy.java:354)
	at org.springframework.web.filter.DelegatingFilterProxy.doFilter(DelegatingFilterProxy.java:267)
	at org.apache.catalina.core.ApplicationFilterChain.internalDoFilter(ApplicationFilterChain.java:178)
	at org.apache.catalina.core.ApplicationFilterChain.doFilter(ApplicationFilterChain.java:153)
	at org.springframework.web.filter.RequestContextFilter.doFilterInternal(RequestContextFilter.java:100)
	at org.springframework.web.filter.OncePerRequestFilter.doFilter(OncePerRequestFilter.java:117)
	at org.apache.catalina.core.ApplicationFilterChain.internalDoFilter(ApplicationFilterChain.java:178)
	at org.apache.catalina.core.ApplicationFilterChain.doFilter(ApplicationFilterChain.java:153)
	at org.springframework.web.filter.FormContentFilter.doFilterInternal(FormContentFilter.java:93)
	at org.springframework.web.filter.OncePerRequestFilter.doFilter(OncePerRequestFilter.java:117)
	at org.apache.catalina.core.ApplicationFilterChain.internalDoFilter(ApplicationFilterChain.java:178)
	at org.apache.catalina.core.ApplicationFilterChain.doFilter(ApplicationFilterChain.java:153)
	at org.springframework.web.filter.CharacterEncodingFilter.doFilterInternal(CharacterEncodingFilter.java:201)
	at org.springframework.web.filter.OncePerRequestFilter.doFilter(OncePerRequestFilter.java:117)
	at org.apache.catalina.core.ApplicationFilterChain.internalDoFilter(ApplicationFilterChain.java:178)
	at org.apache.catalina.core.ApplicationFilterChain.doFilter(ApplicationFilterChain.java:153)
	at org.apache.catalina.core.StandardWrapperValve.invoke(StandardWrapperValve.java:168)
	at org.apache.catalina.core.StandardContextValve.invoke(StandardContextValve.java:90)
	at org.apache.catalina.authenticator.AuthenticatorBase.invoke(AuthenticatorBase.java:481)
	at org.apache.catalina.core.StandardHostValve.invoke(StandardHostValve.java:130)
	at org.apache.catalina.valves.ErrorReportValve.invoke(ErrorReportValve.java:93)
	at org.apache.catalina.core.StandardEngineValve.invoke(StandardEngineValve.java:74)
	at org.apache.catalina.connector.CoyoteAdapter.service(CoyoteAdapter.java:342)
	at org.apache.coyote.http11.Http11Processor.service(Http11Processor.java:390)
	at org.apache.coyote.AbstractProcessorLight.process(AbstractProcessorLight.java:63)
	at org.apache.coyote.AbstractProtocol$ConnectionHandler.process(AbstractProtocol.java:928)
	at org.apache.tomcat.util.net.NioEndpoint$SocketProcessor.doRun(NioEndpoint.java:1794)
	at org.apache.tomcat.util.net.SocketProcessorBase.run(SocketProcessorBase.java:52)
	at org.apache.tomcat.util.threads.ThreadPoolExecutor.runWorker(ThreadPoolExecutor.java:1191)
	at org.apache.tomcat.util.threads.ThreadPoolExecutor$Worker.run(ThreadPoolExecutor.java:659)
	at org.apache.tomcat.util.threads.TaskThread$WrappingRunnable.run(TaskThread.java:61)
	at java.lang.Thread.run(Thread.java:748)
Caused by: java.io.IOException: Cannot delete C:\Users\Acer\AppData\Local\Temp\tomcat.8080.3965684020309048224\work\Tomcat\localhost\ROOT\upload_eefeb613_b6df_4f44_bef9_dcf12e22c3b5_00000003.tmp
	... 91 common frames omitted
2024-08-13_22:46:05.652 - Failed to deleted temporary file used for part [imageFile]
java.io.UncheckedIOException: Cannot delete C:\Users\Acer\AppData\Local\Temp\tomcat.8080.3965684020309048224\work\Tomcat\localhost\ROOT\upload_eefeb613_b6df_4f44_bef9_dcf12e22c3b5_00000003.tmp
	at org.apache.tomcat.util.http.fileupload.disk.DiskFileItem.delete(DiskFileItem.java:428)
	at org.apache.catalina.core.ApplicationPart.delete(ApplicationPart.java:53)
	at org.apache.catalina.connector.Request.recycle(Request.java:475)
	at org.apache.catalina.connector.CoyoteAdapter.service(CoyoteAdapter.java:420)
	at org.apache.coyote.http11.Http11Processor.service(Http11Processor.java:390)
	at org.apache.coyote.AbstractProcessorLight.process(AbstractProcessorLight.java:63)
	at org.apache.coyote.AbstractProtocol$ConnectionHandler.process(AbstractProtocol.java:928)
	at org.apache.tomcat.util.net.NioEndpoint$SocketProcessor.doRun(NioEndpoint.java:1794)
	at org.apache.tomcat.util.net.SocketProcessorBase.run(SocketProcessorBase.java:52)
	at org.apache.tomcat.util.threads.ThreadPoolExecutor.runWorker(ThreadPoolExecutor.java:1191)
	at org.apache.tomcat.util.threads.ThreadPoolExecutor$Worker.run(ThreadPoolExecutor.java:659)
	at org.apache.tomcat.util.threads.TaskThread$WrappingRunnable.run(TaskThread.java:61)
	at java.lang.Thread.run(Thread.java:748)
Caused by: java.io.IOException: Cannot delete C:\Users\Acer\AppData\Local\Temp\tomcat.8080.3965684020309048224\work\Tomcat\localhost\ROOT\upload_eefeb613_b6df_4f44_bef9_dcf12e22c3b5_00000003.tmp
	... 13 common frames omitted
2024-08-13_22:46:05.656 - ==>  Preparing: SELECT id,title,content,imgURL FROM Post
