2024-08-12_23:13:46.373 - <==      Total: 1
2024-08-12_23:13:46.718 - ==>  Preparing: SELECT users.username , users.password , users.enabled , authorities.authority FROM users INNER JOIN authorities ON users.username = authorities.username WHERE users.username = ?
2024-08-12_23:13:46.718 - ==> Parameters: Neo(String)
2024-08-12_23:13:46.719 - <==    Columns: username, password, enabled, authority
2024-08-12_23:13:46.720 - <==        Row: Neo, $2a$12$TxOY073F7yTp0qTMxSn1qOLWOjzOtjn2Dc6LfteXId5qqLHqGn9vy, t, ADMIN
2024-08-12_23:13:46.720 - <==      Total: 1
2024-08-12_23:13:46.810 - ==>  Preparing: SELECT id,title,content,imgURL FROM Post
2024-08-12_23:13:46.810 - ==> Parameters: 
2024-08-12_23:13:46.813 - <==    Columns: id, title, content, imgurl
2024-08-12_23:13:46.814 - <==        Row: 58, Lets cheer on for majestic compensation and drink ultil extorionate, ff........., /uploads/fauana.jpg
2024-08-12_23:13:46.814 - <==        Row: 49, k, ijiih, /uploads/mainFoodColImg1.jpg
2024-08-12_23:13:46.815 - <==        Row: 55, kk, awesome car, /uploads/mainFoodColImg2.jpg
2024-08-12_23:13:46.815 - <==        Row: 56, nn, sophisticated , glamorously spectacular blog post, /uploads/mainFoodColImg3.jpg
2024-08-12_23:13:46.816 - <==      Total: 4
2024-08-12_23:13:46.817 - Scraching around the collections all posts
2024-08-12_23:17:28.666 - Starting ContentManagementSystemApplication using Java 1.8.0_202 on DESKTOP-0FGFVV5 with PID 10016 (C:\Users\Acer\Desktop\Content_Management_System\target\classes started by Acer in C:\Users\Acer\Desktop\Content_Management_System)
2024-08-12_23:17:28.670 - Running with Spring Boot v2.7.17, Spring v5.3.30
2024-08-12_23:17:28.671 - No active profile set, falling back to 1 default profile: "default"
2024-08-12_23:17:28.794 - Devtools property defaults active! Set 'spring.devtools.add-properties' to 'false' to disable
2024-08-12_23:17:28.794 - For additional web related logging consider setting the 'logging.level.web' property to 'DEBUG'
2024-08-12_23:17:31.290 - Tomcat initialized with port(s): 8080 (http)
2024-08-12_23:17:31.305 - Initializing ProtocolHandler ["http-nio-8080"]
2024-08-12_23:17:31.309 - Starting service [Tomcat]
2024-08-12_23:17:31.310 - Starting Servlet engine: [Apache Tomcat/9.0.82]
2024-08-12_23:17:31.436 - Initializing Spring embedded WebApplicationContext
2024-08-12_23:17:31.436 - Root WebApplicationContext: initialization completed in 2641 ms
2024-08-12_23:17:32.528 - Will secure any request with [org.springframework.security.web.session.DisableEncodeUrlFilter@2eb8af1a, org.springframework.security.web.context.request.async.WebAsyncManagerIntegrationFilter@3afab316, org.springframework.security.web.context.SecurityContextPersistenceFilter@1ca6638b, org.springframework.security.web.header.HeaderWriterFilter@627a514, org.springframework.security.web.authentication.logout.LogoutFilter@6aeeefc2, org.springframework.security.web.authentication.UsernamePasswordAuthenticationFilter@24505a95, org.springframework.security.web.session.ConcurrentSessionFilter@78fc1470, org.springframework.security.web.savedrequest.RequestCacheAwareFilter@3aa10f97, org.springframework.security.web.servletapi.SecurityContextHolderAwareRequestFilter@b9bc11e, org.springframework.security.web.authentication.rememberme.RememberMeAuthenticationFilter@47aa7f84, org.springframework.security.web.authentication.AnonymousAuthenticationFilter@1bdb15ee, org.springframework.security.web.session.SessionManagementFilter@7a73eb85, org.springframework.security.web.access.ExceptionTranslationFilter@40462f51, org.springframework.security.web.access.intercept.FilterSecurityInterceptor@124d8557]
