2024-08-12_22:52:24.913 - Tomcat initialized with port(s): 8080 (http)
2024-08-12_22:52:24.932 - Initializing ProtocolHandler ["http-nio-8080"]
2024-08-12_22:52:24.936 - Starting service [Tomcat]
2024-08-12_22:52:24.937 - Starting Servlet engine: [Apache Tomcat/9.0.82]
2024-08-12_22:52:25.070 - Initializing Spring embedded WebApplicationContext
2024-08-12_22:52:25.078 - Root WebApplicationContext: initialization completed in 3068 ms
2024-08-12_22:52:26.242 - Will secure any request with [org.springframework.security.web.session.DisableEncodeUrlFilter@40b9e13d, org.springframework.security.web.context.request.async.WebAsyncManagerIntegrationFilter@a2d1c90, org.springframework.security.web.context.SecurityContextPersistenceFilter@30c2aec7, org.springframework.security.web.header.HeaderWriterFilter@45a318ee, org.springframework.security.web.authentication.logout.LogoutFilter@1eaba378, org.springframework.security.web.authentication.UsernamePasswordAuthenticationFilter@77f71605, org.springframework.security.web.session.ConcurrentSessionFilter@1e8bd1f5, org.springframework.security.web.savedrequest.RequestCacheAwareFilter@53a053a4, org.springframework.security.web.servletapi.SecurityContextHolderAwareRequestFilter@78e5ecc, org.springframework.security.web.authentication.rememberme.RememberMeAuthenticationFilter@7fc6b301, org.springframework.security.web.authentication.AnonymousAuthenticationFilter@4c8bb8d2, org.springframework.security.web.session.SessionManagementFilter@5848cd03, org.springframework.security.web.access.ExceptionTranslationFilter@21747c92, org.springframework.security.web.access.intercept.FilterSecurityInterceptor@59630e3d]
2024-08-12_22:52:27.003 - LiveReload server is running on port 35729
2024-08-12_22:52:27.044 - Starting ProtocolHandler ["http-nio-8080"]
2024-08-12_22:52:27.084 - Tomcat started on port(s): 8080 (http) with context path ''
2024-08-12_22:52:27.112 - Started ContentManagementSystemApplication in 5.994 seconds (JVM running for 7.04)
2024-08-12_22:53:07.847 - Initializing Spring DispatcherServlet 'dispatcherServlet'
2024-08-12_22:53:07.847 - Initializing Servlet 'dispatcherServlet'
2024-08-12_22:53:07.851 - Completed initialization in 3 ms
2024-08-12_22:53:17.376 - HikariPool-1 - Starting...
2024-08-12_22:53:17.555 - HikariPool-1 - Start completed.
2024-08-12_22:53:17.565 - ==>  Preparing: SELECT users.username , users.password , users.enabled , authorities.authority FROM users INNER JOIN authorities ON users.username = authorities.username WHERE users.username = ?
2024-08-12_22:53:17.583 - ==> Parameters: Neo(String)
2024-08-12_22:53:17.609 - <==    Columns: username, password, enabled, authority
2024-08-12_22:53:17.610 - <==        Row: Neo, $2a$12$TxOY073F7yTp0qTMxSn1qOLWOjzOtjn2Dc6LfteXId5qqLHqGn9vy, t, ADMIN
2024-08-12_22:53:17.613 - <==      Total: 1
2024-08-12_22:53:18.023 - ==>  Preparing: SELECT users.username , users.password , users.enabled , authorities.authority FROM users INNER JOIN authorities ON users.username = authorities.username WHERE users.username = ?
