2024-08-12_23:11:02.806 - ==>  Preparing: SELECT id,title,content,imgURL FROM Post
2024-08-12_23:11:02.809 - ==> Parameters: 
2024-08-12_23:11:02.810 - <==    Columns: id, title, content, imgurl
2024-08-12_23:11:02.811 - <==        Row: 49, k, ijiih, /uploads/carImage2.jpg
2024-08-12_23:11:02.811 - <==        Row: 58, Lets cheer on for majestic compensation and drink ultil extorionate, ff........., /uploads/fauana.jpg
2024-08-12_23:11:02.811 - <==        Row: 55, kk, awesome car, /uploads/carImage4.jpg
2024-08-12_23:11:02.811 - <==        Row: 56, nn, sophisticated , glamorously spectacular blog post, /uploads/flora.jpg
2024-08-12_23:11:02.812 - <==      Total: 4
2024-08-12_23:11:02.812 - Scraching around the collections all posts
2024-08-12_23:11:11.956 - ==>  Preparing: SELECT users.username , users.password , users.enabled , authorities.authority FROM users INNER JOIN authorities ON users.username = authorities.username WHERE users.username = ?
2024-08-12_23:11:11.957 - ==> Parameters: Neo(String)
2024-08-12_23:11:11.959 - <==    Columns: username, password, enabled, authority
2024-08-12_23:11:11.959 - <==        Row: Neo, $2a$12$TxOY073F7yTp0qTMxSn1qOLWOjzOtjn2Dc6LfteXId5qqLHqGn9vy, t, ADMIN
2024-08-12_23:11:11.960 - <==      Total: 1
2024-08-12_23:11:12.338 - ==>  Preparing: SELECT users.username , users.password , users.enabled , authorities.authority FROM users INNER JOIN authorities ON users.username = authorities.username WHERE users.username = ?
2024-08-12_23:11:12.339 - ==> Parameters: Neo(String)
2024-08-12_23:11:12.340 - <==    Columns: username, password, enabled, authority
2024-08-12_23:11:12.341 - <==        Row: Neo, $2a$12$TxOY073F7yTp0qTMxSn1qOLWOjzOtjn2Dc6LfteXId5qqLHqGn9vy, t, ADMIN
2024-08-12_23:11:12.341 - <==      Total: 1
2024-08-12_23:11:12.354 - ==>  Preparing: SELECT id,title,content,imgURL FROM Post
2024-08-12_23:11:12.354 - ==> Parameters: 
2024-08-12_23:11:12.355 - <==    Columns: id, title, content, imgurl
2024-08-12_23:11:12.355 - <==        Row: 49, k, ijiih, /uploads/carImage2.jpg
2024-08-12_23:11:12.355 - <==        Row: 58, Lets cheer on for majestic compensation and drink ultil extorionate, ff........., /uploads/fauana.jpg
2024-08-12_23:11:12.356 - <==        Row: 55, kk, awesome car, /uploads/carImage4.jpg
2024-08-12_23:11:12.356 - <==        Row: 56, nn, sophisticated , glamorously spectacular blog post, /uploads/flora.jpg
2024-08-12_23:11:12.356 - <==      Total: 4
2024-08-12_23:11:12.357 - Scraching around the collections all posts
2024-08-12_23:11:24.705 - Starting ContentManagementSystemApplication using Java 1.8.0_202 on DESKTOP-0FGFVV5 with PID 8616 (C:\Users\Acer\Desktop\Content_Management_System\target\classes started by Acer in C:\Users\Acer\Desktop\Content_Management_System)
2024-08-12_23:11:24.706 - Running with Spring Boot v2.7.17, Spring v5.3.30
2024-08-12_23:11:24.707 - No active profile set, falling back to 1 default profile: "default"
2024-08-12_23:11:24.804 - Devtools property defaults active! Set 'spring.devtools.add-properties' to 'false' to disable
2024-08-12_23:11:24.805 - For additional web related logging consider setting the 'logging.level.web' property to 'DEBUG'
