2024-08-13_23:24:47.547 - <==      Total: 5
2024-08-13_23:24:47.550 - Scraching around the collections all posts
2024-08-13_23:24:51.759 - ==>  Preparing: SELECT id,title,content,imgURL FROM Post
2024-08-13_23:24:51.760 - ==> Parameters: 
2024-08-13_23:24:51.761 - <==    Columns: id, title, content, imgurl
2024-08-13_23:24:51.762 - <==        Row: 58, Lets cheer on for majestic compensation and drink ultil extorionate, ff........., /uploads/fauana.jpg
2024-08-13_23:24:51.762 - <==        Row: 49, k, ijiih, /uploads/mainFoodColImg1.jpg
2024-08-13_23:24:51.762 - <==        Row: 55, kk, awesome car, /uploads/mainFoodColImg2.jpg
2024-08-13_23:24:51.799 - <==        Row: 56, nn, sophisticated , glamorously spectacular blog post, /uploads/mainFoodColImg3.jpg
2024-08-13_23:24:51.800 - <==        Row: 60, try to Canada, canada is tranquil city precariously brimming with people and some majestic tourist attraction places.., /uploads/colTechImgOne.jpg
2024-08-13_23:24:51.800 - <==      Total: 5
2024-08-13_23:24:51.801 - Scraching around the collections all posts
2024-08-13_23:24:58.282 - ==>  Preparing: SELECT id, title, content, imgURL FROM Post WHERE id = ?
2024-08-13_23:24:58.282 - ==> Parameters: 49(Integer)
2024-08-13_23:24:58.283 - <==    Columns: id, title, content, imgurl
2024-08-13_23:24:58.284 - <==        Row: 49, k, ijiih, /uploads/mainFoodColImg1.jpg
2024-08-13_23:24:58.284 - <==      Total: 1
2024-08-13_23:25:00.305 - ==>  Preparing: SELECT id,title,content,imgURL FROM Post
2024-08-13_23:25:00.306 - ==> Parameters: 
2024-08-13_23:25:00.307 - <==    Columns: id, title, content, imgurl
2024-08-13_23:25:00.307 - <==        Row: 58, Lets cheer on for majestic compensation and drink ultil extorionate, ff........., /uploads/fauana.jpg
2024-08-13_23:25:00.308 - <==        Row: 49, k, ijiih, /uploads/mainFoodColImg1.jpg
2024-08-13_23:25:00.308 - <==        Row: 55, kk, awesome car, /uploads/mainFoodColImg2.jpg
2024-08-13_23:25:00.308 - <==        Row: 56, nn, sophisticated , glamorously spectacular blog post, /uploads/mainFoodColImg3.jpg
2024-08-13_23:25:00.308 - <==        Row: 60, try to Canada, canada is tranquil city precariously brimming with people and some majestic tourist attraction places.., /uploads/colTechImgOne.jpg
2024-08-13_23:25:00.309 - <==      Total: 5
2024-08-13_23:25:00.309 - Scraching around the collections all posts
2024-08-13_23:55:19.767 - Starting ContentManagementSystemApplication using Java 1.8.0_202 on DESKTOP-0FGFVV5 with PID 11388 (C:\Users\Acer\Desktop\Content_Management_System\target\classes started by Acer in C:\Users\Acer\Desktop\Content_Management_System)
2024-08-13_23:55:19.769 - Running with Spring Boot v2.7.17, Spring v5.3.30
2024-08-13_23:55:19.770 - No active profile set, falling back to 1 default profile: "default"
2024-08-13_23:55:19.897 - Devtools property defaults active! Set 'spring.devtools.add-properties' to 'false' to disable
2024-08-13_23:55:19.897 - For additional web related logging consider setting the 'logging.level.web' property to 'DEBUG'
