2024-08-12_23:07:42.510 - Tomcat initialized with port(s): 8080 (http)
2024-08-12_23:07:42.529 - Initializing ProtocolHandler ["http-nio-8080"]
2024-08-12_23:07:42.533 - Starting service [Tomcat]
2024-08-12_23:07:42.534 - Starting Servlet engine: [Apache Tomcat/9.0.82]
2024-08-12_23:07:42.680 - Initializing Spring embedded WebApplicationContext
2024-08-12_23:07:42.680 - Root WebApplicationContext: initialization completed in 2791 ms
2024-08-12_23:07:43.768 - Will secure any request with [org.springframework.security.web.session.DisableEncodeUrlFilter@3c8f20c4, org.springframework.security.web.context.request.async.WebAsyncManagerIntegrationFilter@76c44d35, org.springframework.security.web.context.SecurityContextPersistenceFilter@68fbd648, org.springframework.security.web.header.HeaderWriterFilter@297993f4, org.springframework.security.web.authentication.logout.LogoutFilter@370f45ca, org.springframework.security.web.authentication.UsernamePasswordAuthenticationFilter@4f905cec, org.springframework.security.web.session.ConcurrentSessionFilter@59795a98, org.springframework.security.web.savedrequest.RequestCacheAwareFilter@abb53ee, org.springframework.security.web.servletapi.SecurityContextHolderAwareRequestFilter@69c6f659, org.springframework.security.web.authentication.rememberme.RememberMeAuthenticationFilter@399330b, org.springframework.security.web.authentication.AnonymousAuthenticationFilter@23f70d6d, org.springframework.security.web.session.SessionManagementFilter@7ef1e7e1, org.springframework.security.web.access.ExceptionTranslationFilter@5b49924b, org.springframework.security.web.access.intercept.FilterSecurityInterceptor@7fc6b301]
2024-08-12_23:07:44.748 - LiveReload server is running on port 35729
2024-08-12_23:07:44.795 - Starting ProtocolHandler ["http-nio-8080"]
2024-08-12_23:07:44.853 - Tomcat started on port(s): 8080 (http) with context path ''
2024-08-12_23:07:44.882 - Started ContentManagementSystemApplication in 5.924 seconds (JVM running for 6.963)
2024-08-12_23:07:50.963 - Initializing Spring DispatcherServlet 'dispatcherServlet'
2024-08-12_23:07:50.963 - Initializing Servlet 'dispatcherServlet'
2024-08-12_23:07:50.965 - Completed initialization in 1 ms
2024-08-12_23:07:51.028 - HikariPool-1 - Starting...
2024-08-12_23:07:51.251 - HikariPool-1 - Start completed.
2024-08-12_23:07:51.265 - ==>  Preparing: SELECT users.username , users.password , users.enabled , authorities.authority FROM users INNER JOIN authorities ON users.username = authorities.username WHERE users.username = ?
2024-08-12_23:07:51.286 - ==> Parameters: Neo(String)
2024-08-12_23:07:51.316 - <==    Columns: username, password, enabled, authority
2024-08-12_23:07:51.316 - <==        Row: Neo, $2a$12$TxOY073F7yTp0qTMxSn1qOLWOjzOtjn2Dc6LfteXId5qqLHqGn9vy, t, ADMIN
2024-08-12_23:07:51.319 - <==      Total: 1
2024-08-12_23:07:51.493 - ==>  Preparing: SELECT id,title,content,imgURL FROM Post
2024-08-12_23:07:51.494 - ==> Parameters: 
2024-08-12_23:07:51.498 - <==    Columns: id, title, content, imgurl
2024-08-12_23:07:51.498 - <==        Row: 55, kk, awesome car, /uploads/ludicrousImg.jpg
2024-08-12_23:07:51.498 - <==        Row: 50, m, m, /uploads/carImage4.jpg
